
> storybook-stories-defect@ build-storybook /Users/ctw02523/personal/storybook-stories-defect
> storybook build "--output-dir" "/var/folders/gg/7xvmlf391_n24bhs56gk0005xwzqfk/T/chromatic--30856-t5ESwhtKtgh9"

@storybook/cli v7.5.3

info => Cleaning outputDir: /var/folders/gg/7xvmlf391_n24bhs56gk0005xwzqfk/T/chromatic--30856-t5ESwhtKtgh9
info => Loading presets
info => Building manager..
info => Manager built (584 ms)
info => Building preview..
info => Copying static files: /Users/ctw02523/personal/storybook-stories-defect/node_modules/.pnpm/@storybook+manager@7.5.3/node_modules/@storybook/manager/static at /var/folders/gg/7xvmlf391_n24bhs56gk0005xwzqfk/T/chromatic--30856-t5ESwhtKtgh9/sb-common-assets
vite v4.5.0 building for production...

./sb-common-assets/fonts.css doesn't exist at build time, it will remain unchanged to be resolved at runtime
transforming...
node_modules/.pnpm/telejson@7.2.0/node_modules/telejson/dist/index.mjs (1413:15) Use of eval in "node_modules/.pnpm/telejson@7.2.0/node_modules/telejson/dist/index.mjs" is strongly discouraged as it poses security risks and may cause issues with minification.
node_modules/.pnpm/telejson@7.2.0/node_modules/telejson/dist/index.mjs (1416:18) Use of eval in "node_modules/.pnpm/telejson@7.2.0/node_modules/telejson/dist/index.mjs" is strongly discouraged as it poses security risks and may cause issues with minification.
✓ 557 modules transformed.
rendering chunks...
computing gzip size...
../../../../var/folders/gg/7xvmlf391_n24bhs56gk0005xwzqfk/T/chromatic--30856-t5ESwhtKtgh9/assets/youtube-9f26eb0b.svg                      0.72 kB │ gzip:   0.36 kB
../../../../var/folders/gg/7xvmlf391_n24bhs56gk0005xwzqfk/T/chromatic--30856-t5ESwhtKtgh9/assets/tutorials-adff6365.svg                    1.27 kB │ gzip:   0.63 kB
../../../../var/folders/gg/7xvmlf391_n24bhs56gk0005xwzqfk/T/chromatic--30856-t5ESwhtKtgh9/assets/discord-f7d1b78c.svg                      2.41 kB │ gzip:   1.15 kB
../../../../var/folders/gg/7xvmlf391_n24bhs56gk0005xwzqfk/T/chromatic--30856-t5ESwhtKtgh9/assets/github-cdfc3270.svg                       2.72 kB │ gzip:   1.28 kB
../../../../var/folders/gg/7xvmlf391_n24bhs56gk0005xwzqfk/T/chromatic--30856-t5ESwhtKtgh9/assets/context-c612d889.png                      6.12 kB
../../../../var/folders/gg/7xvmlf391_n24bhs56gk0005xwzqfk/T/chromatic--30856-t5ESwhtKtgh9/assets/styling-c83082e0.png                      7.24 kB
../../../../var/folders/gg/7xvmlf391_n24bhs56gk0005xwzqfk/T/chromatic--30856-t5ESwhtKtgh9/iframe.html                                     13.20 kB │ gzip:   3.61 kB
../../../../var/folders/gg/7xvmlf391_n24bhs56gk0005xwzqfk/T/chromatic--30856-t5ESwhtKtgh9/assets/docs-5b0c7100.png                        27.88 kB
../../../../var/folders/gg/7xvmlf391_n24bhs56gk0005xwzqfk/T/chromatic--30856-t5ESwhtKtgh9/assets/share-b59d6c77.png                       40.77 kB
../../../../var/folders/gg/7xvmlf391_n24bhs56gk0005xwzqfk/T/chromatic--30856-t5ESwhtKtgh9/assets/accessibility-cd6d60f7.png               42.34 kB
../../../../var/folders/gg/7xvmlf391_n24bhs56gk0005xwzqfk/T/chromatic--30856-t5ESwhtKtgh9/assets/figma-plugin-b0a5ad2d.png                44.25 kB
../../../../var/folders/gg/7xvmlf391_n24bhs56gk0005xwzqfk/T/chromatic--30856-t5ESwhtKtgh9/assets/theming-b6e819c3.png                     44.37 kB
../../../../var/folders/gg/7xvmlf391_n24bhs56gk0005xwzqfk/T/chromatic--30856-t5ESwhtKtgh9/assets/testing-6a59f681.png                     49.31 kB
../../../../var/folders/gg/7xvmlf391_n24bhs56gk0005xwzqfk/T/chromatic--30856-t5ESwhtKtgh9/assets/addon-library-bc7ba705.png              467.37 kB
../../../../var/folders/gg/7xvmlf391_n24bhs56gk0005xwzqfk/T/chromatic--30856-t5ESwhtKtgh9/assets/Header-a6911580.css                       0.51 kB │ gzip:   0.31 kB
../../../../var/folders/gg/7xvmlf391_n24bhs56gk0005xwzqfk/T/chromatic--30856-t5ESwhtKtgh9/assets/Button-bc1a867b.css                       0.52 kB │ gzip:   0.29 kB
../../../../var/folders/gg/7xvmlf391_n24bhs56gk0005xwzqfk/T/chromatic--30856-t5ESwhtKtgh9/assets/Page.stories-ece1482a.css                 0.93 kB │ gzip:   0.39 kB
../../../../var/folders/gg/7xvmlf391_n24bhs56gk0005xwzqfk/T/chromatic--30856-t5ESwhtKtgh9/assets/preview-ba2273f4.js                       0.19 kB │ gzip:   0.19 kB │ map:     0.62 kB
../../../../var/folders/gg/7xvmlf391_n24bhs56gk0005xwzqfk/T/chromatic--30856-t5ESwhtKtgh9/assets/tiny-invariant-dd7d57d2.js                0.23 kB │ gzip:   0.20 kB │ map:     1.10 kB
../../../../var/folders/gg/7xvmlf391_n24bhs56gk0005xwzqfk/T/chromatic--30856-t5ESwhtKtgh9/assets/WithTooltip-4HIR6TLV-eda12af7.js          0.32 kB │ gzip:   0.22 kB │ map:     0.11 kB
../../../../var/folders/gg/7xvmlf391_n24bhs56gk0005xwzqfk/T/chromatic--30856-t5ESwhtKtgh9/assets/syntaxhighlighter-NMPM6SWI-a833023e.js    0.34 kB │ gzip:   0.24 kB │ map:     0.12 kB
../../../../var/folders/gg/7xvmlf391_n24bhs56gk0005xwzqfk/T/chromatic--30856-t5ESwhtKtgh9/assets/index-f5f6580a.js                         0.37 kB │ gzip:   0.23 kB │ map:     0.10 kB
../../../../var/folders/gg/7xvmlf391_n24bhs56gk0005xwzqfk/T/chromatic--30856-t5ESwhtKtgh9/assets/preview-ce84caf4.js                       0.44 kB │ gzip:   0.28 kB │ map:     0.62 kB
../../../../var/folders/gg/7xvmlf391_n24bhs56gk0005xwzqfk/T/chromatic--30856-t5ESwhtKtgh9/assets/index-9f72a1af.js                         0.53 kB │ gzip:   0.34 kB │ map:     4.34 kB
../../../../var/folders/gg/7xvmlf391_n24bhs56gk0005xwzqfk/T/chromatic--30856-t5ESwhtKtgh9/assets/preview-87eac49b.js                       0.68 kB │ gzip:   0.48 kB │ map:     4.18 kB
../../../../var/folders/gg/7xvmlf391_n24bhs56gk0005xwzqfk/T/chromatic--30856-t5ESwhtKtgh9/assets/index-356e4a49.js                         0.81 kB │ gzip:   0.51 kB │ map:     3.31 kB
../../../../var/folders/gg/7xvmlf391_n24bhs56gk0005xwzqfk/T/chromatic--30856-t5ESwhtKtgh9/assets/preview-b3c37142.js                       0.90 kB │ gzip:   0.59 kB │ map:     3.10 kB
../../../../var/folders/gg/7xvmlf391_n24bhs56gk0005xwzqfk/T/chromatic--30856-t5ESwhtKtgh9/assets/Counter-9c98767e.js                       0.93 kB │ gzip:   0.50 kB │ map:     1.47 kB
../../../../var/folders/gg/7xvmlf391_n24bhs56gk0005xwzqfk/T/chromatic--30856-t5ESwhtKtgh9/assets/neo-counter-988630ed.js                   0.94 kB │ gzip:   0.50 kB │ map:     1.50 kB
../../../../var/folders/gg/7xvmlf391_n24bhs56gk0005xwzqfk/T/chromatic--30856-t5ESwhtKtgh9/assets/jsx-runtime-c4ae1d89.js                   0.97 kB │ gzip:   0.61 kB │ map:     2.39 kB
../../../../var/folders/gg/7xvmlf391_n24bhs56gk0005xwzqfk/T/chromatic--30856-t5ESwhtKtgh9/assets/Counterauto.stories-d273cbf5.js           1.36 kB │ gzip:   0.59 kB │ map:     0.12 kB
../../../../var/folders/gg/7xvmlf391_n24bhs56gk0005xwzqfk/T/chromatic--30856-t5ESwhtKtgh9/assets/Counter.stories-3fed06d9.js               1.42 kB │ gzip:   0.65 kB │ map:     0.12 kB
../../../../var/folders/gg/7xvmlf391_n24bhs56gk0005xwzqfk/T/chromatic--30856-t5ESwhtKtgh9/assets/neo-counter.stories-089a84d5.js           1.44 kB │ gzip:   0.66 kB │ map:     0.12 kB
../../../../var/folders/gg/7xvmlf391_n24bhs56gk0005xwzqfk/T/chromatic--30856-t5ESwhtKtgh9/assets/Button.stories-0530390a.js                1.55 kB │ gzip:   0.60 kB │ map:     0.13 kB
../../../../var/folders/gg/7xvmlf391_n24bhs56gk0005xwzqfk/T/chromatic--30856-t5ESwhtKtgh9/assets/DocsRenderer-NNNQARDV-c7ffa550.js         1.66 kB │ gzip:   0.84 kB │ map:     5.33 kB
../../../../var/folders/gg/7xvmlf391_n24bhs56gk0005xwzqfk/T/chromatic--30856-t5ESwhtKtgh9/assets/Button-b4f8b0e4.js                        1.82 kB │ gzip:   1.02 kB │ map:     4.69 kB
../../../../var/folders/gg/7xvmlf391_n24bhs56gk0005xwzqfk/T/chromatic--30856-t5ESwhtKtgh9/assets/Header.stories-26d5e109.js                1.86 kB │ gzip:   0.92 kB │ map:     2.10 kB
../../../../var/folders/gg/7xvmlf391_n24bhs56gk0005xwzqfk/T/chromatic--30856-t5ESwhtKtgh9/assets/neo-counter-058624d6.js                   1.94 kB │ gzip:   1.01 kB │ map:     4.48 kB
../../../../var/folders/gg/7xvmlf391_n24bhs56gk0005xwzqfk/T/chromatic--30856-t5ESwhtKtgh9/assets/preview-bed967c6.js                       2.38 kB │ gzip:   1.24 kB │ map:    11.43 kB
../../../../var/folders/gg/7xvmlf391_n24bhs56gk0005xwzqfk/T/chromatic--30856-t5ESwhtKtgh9/assets/index-d37d4223.js                         2.63 kB │ gzip:   1.30 kB │ map:     7.53 kB
../../../../var/folders/gg/7xvmlf391_n24bhs56gk0005xwzqfk/T/chromatic--30856-t5ESwhtKtgh9/assets/Page.stories-fcd56f51.js                  3.07 kB │ gzip:   1.34 kB │ map:     3.02 kB
../../../../var/folders/gg/7xvmlf391_n24bhs56gk0005xwzqfk/T/chromatic--30856-t5ESwhtKtgh9/assets/preview-108c1c3c.js                       3.26 kB │ gzip:   1.41 kB │ map:    10.47 kB
../../../../var/folders/gg/7xvmlf391_n24bhs56gk0005xwzqfk/T/chromatic--30856-t5ESwhtKtgh9/assets/config-07015279.js                        5.11 kB │ gzip:   2.49 kB │ map:    15.99 kB
../../../../var/folders/gg/7xvmlf391_n24bhs56gk0005xwzqfk/T/chromatic--30856-t5ESwhtKtgh9/assets/iframe-3ce93e50.js                        5.68 kB │ gzip:   1.83 kB │ map:     6.26 kB
../../../../var/folders/gg/7xvmlf391_n24bhs56gk0005xwzqfk/T/chromatic--30856-t5ESwhtKtgh9/assets/preview-b8d6c68d.js                       7.67 kB │ gzip:   1.59 kB │ map:    14.41 kB
../../../../var/folders/gg/7xvmlf391_n24bhs56gk0005xwzqfk/T/chromatic--30856-t5ESwhtKtgh9/assets/preview-dbbcd08c.js                       8.21 kB │ gzip:   3.14 kB │ map:    28.72 kB
../../../../var/folders/gg/7xvmlf391_n24bhs56gk0005xwzqfk/T/chromatic--30856-t5ESwhtKtgh9/assets/lit-element-fe7158a6.js                  16.11 kB │ gzip:   6.04 kB │ map:    36.52 kB
../../../../var/folders/gg/7xvmlf391_n24bhs56gk0005xwzqfk/T/chromatic--30856-t5ESwhtKtgh9/assets/Configure-cdcce06c.js                    17.44 kB │ gzip:   7.70 kB │ map:    27.27 kB
../../../../var/folders/gg/7xvmlf391_n24bhs56gk0005xwzqfk/T/chromatic--30856-t5ESwhtKtgh9/assets/Color-6VNJS4EI-76e3ca65.js               30.92 kB │ gzip:  11.60 kB │ map:   113.32 kB
../../../../var/folders/gg/7xvmlf391_n24bhs56gk0005xwzqfk/T/chromatic--30856-t5ESwhtKtgh9/assets/index-bab9eea1.js                        64.37 kB │ gzip:  18.42 kB │ map:   259.96 kB
../../../../var/folders/gg/7xvmlf391_n24bhs56gk0005xwzqfk/T/chromatic--30856-t5ESwhtKtgh9/assets/formatter-SWP5E3XI-f832902c.js          601.52 kB │ gzip: 185.01 kB │ map: 1,318.68 kB
../../../../var/folders/gg/7xvmlf391_n24bhs56gk0005xwzqfk/T/chromatic--30856-t5ESwhtKtgh9/assets/index-6d52bfea.js                       680.85 kB │ gzip: 222.18 kB │ map: 1,953.86 kB

(!) Some chunks are larger than 500 kBs after minification. Consider:
- Using dynamic import() to code-split the application
- Use build.rollupOptions.output.manualChunks to improve chunking: https://rollupjs.org/configuration-options/#output-manualchunks
- Adjust chunk size limit for this warning via build.chunkSizeWarningLimit.
✓ built in 3.70s
info => Preview built (4.4 s)
info => Output directory: /var/folders/gg/7xvmlf391_n24bhs56gk0005xwzqfk/T/chromatic--30856-t5ESwhtKtgh9
